<?xml version="1.0" encoding="UTF-8"?>
<!-- Generated by org.testng.reporters.JUnitReportReporter -->
<testsuite skipped="0" hostname="USPGIPC2056" name="com.HybridFramework.Homepage.TestDataDrivenScript" tests="4" failures="0" timestamp="30 Jul 2018 09:12:59 GMT" time="0.040" errors="0">
  <testcase name="testLogin" time="0.004" classname="com.HybridFramework.Homepage.TestDataDrivenScript"/>
  <testcase name="testLogin" time="0.010" classname="com.HybridFramework.Homepage.TestDataDrivenScript"/>
  <testcase name="testLogin" time="0.023" classname="com.HybridFramework.Homepage.TestDataDrivenScript"/>
  <testcase name="testLogin" time="0.003" classname="com.HybridFramework.Homepage.TestDataDrivenScript"/>
</testsuite> <!-- com.HybridFramework.Homepage.TestDataDrivenScript -->
