<?xml version="1.0" encoding="UTF-8"?>
<!-- Generated by org.testng.reporters.JUnitReportReporter -->
<testsuite skipped="0" hostname="USPGIPC2056" name="com.HybridFramework.Homepage.TestDataDrivenScript" tests="4" failures="0" timestamp="31 Jul 2018 09:58:15 GMT" time="0.039" errors="0">
  <testcase name="testLogin" time="0.004" classname="com.HybridFramework.Homepage.TestDataDrivenScript"/>
  <testcase name="testLogin" time="0.008" classname="com.HybridFramework.Homepage.TestDataDrivenScript"/>
  <testcase name="testLogin" time="0.017" classname="com.HybridFramework.Homepage.TestDataDrivenScript"/>
  <testcase name="testLogin" time="0.010" classname="com.HybridFramework.Homepage.TestDataDrivenScript"/>
</testsuite> <!-- com.HybridFramework.Homepage.TestDataDrivenScript -->
