<?xml version="1.0" encoding="UTF-8"?>
<!-- Generated by org.testng.reporters.JUnitReportReporter -->
<testsuite skipped="0" hostname="USPGIPC2056" name="com.HybridFramework.Homepage.TWPRC_CreationofRequest" tests="1" failures="0" timestamp="03 Aug 2018 10:53:06 GMT" time="32.533" errors="0">
  <testcase name="testlogin" time="32.533" classname="com.HybridFramework.Homepage.TWPRC_CreationofRequest"/>
</testsuite> <!-- com.HybridFramework.Homepage.TWPRC_CreationofRequest -->
