<?xml version="1.0" encoding="UTF-8"?>
<!-- Generated by org.testng.reporters.JUnitReportReporter -->
<testsuite skipped="0" hostname="USPGIPC2056" name="com.HybridFramework.Homepage.Scenario01" tests="1" failures="0" timestamp="03 Aug 2018 10:49:26 GMT" time="31.631" errors="0">
  <testcase name="testlogin" time="31.631" classname="com.HybridFramework.Homepage.Scenario01"/>
</testsuite> <!-- com.HybridFramework.Homepage.Scenario01 -->
