<?xml version="1.0" encoding="UTF-8"?>
<!-- Generated by org.testng.reporters.JUnitReportReporter -->
<testsuite skipped="0" hostname="USPGIPC2056" name="com.HybridFramework.Homepage.ParallelTest" tests="1" failures="0" timestamp="29 Jul 2018 13:47:29 GMT" time="2.007" errors="0">
  <testcase name="testlogin" time="2.007" classname="com.HybridFramework.Homepage.ParallelTest"/>
</testsuite> <!-- com.HybridFramework.Homepage.ParallelTest -->
